2017-02-13 13:03:33,118 [WARN] from akka.cluster.sharding.ShardRegion in helloworld-impl-application-akka.actor.default-dispatcher-2 - Trying to register to coordinator at [Some(ActorSelection[Anchor(akka://helloworld-impl-application/), Path(/system/sharding/kafkaProducer-greetingsCoordinator/singleton/coordinator)])], but no acknowledgement. Total [1] buffered messages.
2017-02-13 13:03:33,217 [WARN] from akka.kafka.KafkaConsumerActor in helloworld-impl-application-akka.actor.default-dispatcher-2 - Consumer interrupted with WakeupException after timeout. Message: null. Current value of akka.kafka.consumer.wakeup-timeout is 3000 milliseconds
2017-02-13 13:03:34,977 [WARN] from akka.cluster.sharding.ShardRegion in helloworld-impl-application-akka.actor.default-dispatcher-22 - Trying to register to coordinator at [Some(ActorSelection[Anchor(akka://helloworld-impl-application/), Path(/system/sharding/kafkaProducer-greetingsCoordinator/singleton/coordinator)])], but no acknowledgement. Total [1] buffered messages.
2017-02-13 13:03:36,228 [WARN] from akka.kafka.KafkaConsumerActor in helloworld-impl-application-akka.actor.default-dispatcher-2 - Consumer interrupted with WakeupException after timeout. Message: null. Current value of akka.kafka.consumer.wakeup-timeout is 3000 milliseconds
2017-02-13 13:03:36,977 [WARN] from akka.cluster.sharding.ShardRegion in helloworld-impl-application-akka.actor.default-dispatcher-7 - Trying to register to coordinator at [Some(ActorSelection[Anchor(akka://helloworld-impl-application/), Path(/system/sharding/kafkaProducer-greetingsCoordinator/singleton/coordinator)])], but no acknowledgement. Total [1] buffered messages.
2017-02-13 13:03:38,979 [WARN] from akka.cluster.sharding.ShardRegion in helloworld-impl-application-akka.actor.default-dispatcher-2 - Trying to register to coordinator at [Some(ActorSelection[Anchor(akka://helloworld-impl-application/), Path(/system/sharding/kafkaProducer-greetingsCoordinator/singleton/coordinator)])], but no acknowledgement. Total [1] buffered messages.
2017-02-13 13:03:39,247 [WARN] from akka.kafka.KafkaConsumerActor in helloworld-impl-application-akka.actor.default-dispatcher-5 - Consumer interrupted with WakeupException after timeout. Message: null. Current value of akka.kafka.consumer.wakeup-timeout is 3000 milliseconds
2017-02-13 13:03:40,977 [WARN] from akka.cluster.sharding.ShardRegion in helloworld-impl-application-akka.actor.default-dispatcher-5 - Trying to register to coordinator at [Some(ActorSelection[Anchor(akka://helloworld-impl-application/), Path(/system/sharding/kafkaProducer-greetingsCoordinator/singleton/coordinator)])], but no acknowledgement. Total [1] buffered messages.
2017-02-13 13:03:42,978 [WARN] from akka.cluster.sharding.ShardRegion in helloworld-impl-application-akka.actor.default-dispatcher-2 - Trying to register to coordinator at [Some(ActorSelection[Anchor(akka://helloworld-impl-application/), Path(/system/sharding/kafkaProducer-greetingsCoordinator/singleton/coordinator)])], but no acknowledgement. Total [1] buffered messages.
2017-02-13 13:03:43,740 [ERROR] from akka.actor.OneForOneStrategy in helloworld-impl-application-akka.actor.default-dispatcher-5 - Ask timed out on [Actor[akka://helloworld-impl-application/user/cassandraOffsetStorePrepare-singleton/singleton/cassandraOffsetStorePrepare#975906013]] after [20000 ms]. Sender[Actor[akka://helloworld-impl-application/user/cassandraOffsetStorePrepare-singleton/singleton/cassandraOffsetStorePrepare#975906013]] sent message of type "com.lightbend.lagom.internal.persistence.cluster.ClusterStartupTaskActor$Execute$".
akka.pattern.AskTimeoutException: Ask timed out on [Actor[akka://helloworld-impl-application/user/cassandraOffsetStorePrepare-singleton/singleton/cassandraOffsetStorePrepare#975906013]] after [20000 ms]. Sender[Actor[akka://helloworld-impl-application/user/cassandraOffsetStorePrepare-singleton/singleton/cassandraOffsetStorePrepare#975906013]] sent message of type "com.lightbend.lagom.internal.persistence.cluster.ClusterStartupTaskActor$Execute$".
	at akka.pattern.PromiseActorRef$$anonfun$1.apply$mcV$sp(AskSupport.scala:604)
	at akka.actor.Scheduler$$anon$4.run(Scheduler.scala:126)
	at scala.concurrent.Future$InternalCallbackExecutor$.unbatchedExecute(Future.scala:601)
	at scala.concurrent.BatchingExecutor$class.execute(BatchingExecutor.scala:109)
	at scala.concurrent.Future$InternalCallbackExecutor$.execute(Future.scala:599)
	at akka.actor.LightArrayRevolverScheduler$TaskHolder.executeTask(LightArrayRevolverScheduler.scala:331)
	at akka.actor.LightArrayRevolverScheduler$$anon$4.executeBucket$1(LightArrayRevolverScheduler.scala:282)
	at akka.actor.LightArrayRevolverScheduler$$anon$4.nextTick(LightArrayRevolverScheduler.scala:286)
	at akka.actor.LightArrayRevolverScheduler$$anon$4.run(LightArrayRevolverScheduler.scala:238)
	at java.lang.Thread.run(Thread.java:745)
2017-02-13 13:03:44,977 [WARN] from akka.cluster.sharding.ShardRegion in helloworld-impl-application-akka.actor.default-dispatcher-5 - Trying to register to coordinator at [Some(ActorSelection[Anchor(akka://helloworld-impl-application/), Path(/system/sharding/kafkaProducer-greetingsCoordinator/singleton/coordinator)])], but no acknowledgement. Total [1] buffered messages.
2017-02-13 13:03:46,978 [WARN] from akka.cluster.sharding.ShardRegion in helloworld-impl-application-akka.actor.default-dispatcher-22 - Trying to register to coordinator at [Some(ActorSelection[Anchor(akka://helloworld-impl-application/), Path(/system/sharding/kafkaProducer-greetingsCoordinator/singleton/coordinator)])], but no acknowledgement. Total [1] buffered messages.
2017-02-13 13:03:46,994 [WARN] from akka.cluster.sharding.ShardRegion in helloworld-impl-application-akka.actor.default-dispatcher-5 - Retry request for shard [singleton] homes from coordinator at [Actor[akka://helloworld-impl-application/system/sharding/kafkaProducer-greetingsCoordinator/singleton/coordinator#-1789387862]]. [1] buffered messages.
