2017-02-13 13:03:22,752 [INFO] from com.knoldus.usercrud.user.impl.events.UserEventProcessor in ForkJoinPool-1-worker-1 -  aggregateTags method ... 
2017-02-13 13:03:23,003 [INFO] from com.knoldus.usercrud.user.impl.events.UserEventProcessor in user-impl-application-akka.actor.default-dispatcher-15 -  buildHandler method ... 
2017-02-13 13:03:33,148 [WARN] from akka.cluster.sharding.ShardRegion in user-impl-application-akka.actor.default-dispatcher-3 - Trying to register to coordinator at [Some(ActorSelection[Anchor(akka://user-impl-application/), Path(/system/sharding/UserEventProcessorCoordinator/singleton/coordinator)])], but no acknowledgement. Total [1] buffered messages.
2017-02-13 13:03:35,146 [WARN] from akka.cluster.sharding.ShardRegion in user-impl-application-akka.actor.default-dispatcher-4 - Trying to register to coordinator at [Some(ActorSelection[Anchor(akka://user-impl-application/), Path(/system/sharding/UserEventProcessorCoordinator/singleton/coordinator)])], but no acknowledgement. Total [1] buffered messages.
2017-02-13 13:03:37,145 [WARN] from akka.cluster.sharding.ShardRegion in user-impl-application-akka.actor.default-dispatcher-4 - Trying to register to coordinator at [Some(ActorSelection[Anchor(akka://user-impl-application/), Path(/system/sharding/UserEventProcessorCoordinator/singleton/coordinator)])], but no acknowledgement. Total [1] buffered messages.
2017-02-13 13:03:39,145 [WARN] from akka.cluster.sharding.ShardRegion in user-impl-application-akka.actor.default-dispatcher-4 - Trying to register to coordinator at [Some(ActorSelection[Anchor(akka://user-impl-application/), Path(/system/sharding/UserEventProcessorCoordinator/singleton/coordinator)])], but no acknowledgement. Total [1] buffered messages.
2017-02-13 13:03:41,145 [WARN] from akka.cluster.sharding.ShardRegion in user-impl-application-akka.actor.default-dispatcher-19 - Trying to register to coordinator at [Some(ActorSelection[Anchor(akka://user-impl-application/), Path(/system/sharding/UserEventProcessorCoordinator/singleton/coordinator)])], but no acknowledgement. Total [1] buffered messages.
2017-02-13 13:03:43,146 [WARN] from akka.cluster.sharding.ShardRegion in user-impl-application-akka.actor.default-dispatcher-15 - Trying to register to coordinator at [Some(ActorSelection[Anchor(akka://user-impl-application/), Path(/system/sharding/UserEventProcessorCoordinator/singleton/coordinator)])], but no acknowledgement. Total [1] buffered messages.
2017-02-13 13:03:43,710 [ERROR] from akka.actor.OneForOneStrategy in user-impl-application-akka.actor.default-dispatcher-15 - Ask timed out on [Actor[akka://user-impl-application/user/cassandraOffsetStorePrepare-singleton/singleton/cassandraOffsetStorePrepare#-931036387]] after [20000 ms]. Sender[Actor[akka://user-impl-application/user/cassandraOffsetStorePrepare-singleton/singleton/cassandraOffsetStorePrepare#-931036387]] sent message of type "com.lightbend.lagom.internal.persistence.cluster.ClusterStartupTaskActor$Execute$".
akka.pattern.AskTimeoutException: Ask timed out on [Actor[akka://user-impl-application/user/cassandraOffsetStorePrepare-singleton/singleton/cassandraOffsetStorePrepare#-931036387]] after [20000 ms]. Sender[Actor[akka://user-impl-application/user/cassandraOffsetStorePrepare-singleton/singleton/cassandraOffsetStorePrepare#-931036387]] sent message of type "com.lightbend.lagom.internal.persistence.cluster.ClusterStartupTaskActor$Execute$".
	at akka.pattern.PromiseActorRef$$anonfun$1.apply$mcV$sp(AskSupport.scala:604)
	at akka.actor.Scheduler$$anon$4.run(Scheduler.scala:126)
	at scala.concurrent.Future$InternalCallbackExecutor$.unbatchedExecute(Future.scala:601)
	at scala.concurrent.BatchingExecutor$class.execute(BatchingExecutor.scala:109)
	at scala.concurrent.Future$InternalCallbackExecutor$.execute(Future.scala:599)
	at akka.actor.LightArrayRevolverScheduler$TaskHolder.executeTask(LightArrayRevolverScheduler.scala:331)
	at akka.actor.LightArrayRevolverScheduler$$anon$4.executeBucket$1(LightArrayRevolverScheduler.scala:282)
	at akka.actor.LightArrayRevolverScheduler$$anon$4.nextTick(LightArrayRevolverScheduler.scala:286)
	at akka.actor.LightArrayRevolverScheduler$$anon$4.run(LightArrayRevolverScheduler.scala:238)
	at java.lang.Thread.run(Thread.java:745)
2017-02-13 13:03:43,721 [ERROR] from akka.actor.OneForOneStrategy in user-impl-application-akka.actor.default-dispatcher-15 - Ask timed out on [Actor[akka://user-impl-application/user/readSideGlobalPrepare-UserEventProcessor-singleton/singleton/readSideGlobalPrepare-UserEventProcessor#-1473893651]] after [20000 ms]. Sender[Actor[akka://user-impl-application/user/readSideGlobalPrepare-UserEventProcessor-singleton/singleton/readSideGlobalPrepare-UserEventProcessor#-1473893651]] sent message of type "com.lightbend.lagom.internal.persistence.cluster.ClusterStartupTaskActor$Execute$".
akka.pattern.AskTimeoutException: Ask timed out on [Actor[akka://user-impl-application/user/readSideGlobalPrepare-UserEventProcessor-singleton/singleton/readSideGlobalPrepare-UserEventProcessor#-1473893651]] after [20000 ms]. Sender[Actor[akka://user-impl-application/user/readSideGlobalPrepare-UserEventProcessor-singleton/singleton/readSideGlobalPrepare-UserEventProcessor#-1473893651]] sent message of type "com.lightbend.lagom.internal.persistence.cluster.ClusterStartupTaskActor$Execute$".
	at akka.pattern.PromiseActorRef$$anonfun$1.apply$mcV$sp(AskSupport.scala:604)
	at akka.actor.Scheduler$$anon$4.run(Scheduler.scala:126)
	at scala.concurrent.Future$InternalCallbackExecutor$.unbatchedExecute(Future.scala:601)
	at scala.concurrent.BatchingExecutor$class.execute(BatchingExecutor.scala:109)
	at scala.concurrent.Future$InternalCallbackExecutor$.execute(Future.scala:599)
	at akka.actor.LightArrayRevolverScheduler$TaskHolder.executeTask(LightArrayRevolverScheduler.scala:331)
	at akka.actor.LightArrayRevolverScheduler$$anon$4.executeBucket$1(LightArrayRevolverScheduler.scala:282)
	at akka.actor.LightArrayRevolverScheduler$$anon$4.nextTick(LightArrayRevolverScheduler.scala:286)
	at akka.actor.LightArrayRevolverScheduler$$anon$4.run(LightArrayRevolverScheduler.scala:238)
	at java.lang.Thread.run(Thread.java:745)
2017-02-13 13:03:45,145 [WARN] from akka.cluster.sharding.ShardRegion in user-impl-application-akka.actor.default-dispatcher-3 - Trying to register to coordinator at [Some(ActorSelection[Anchor(akka://user-impl-application/), Path(/system/sharding/UserEventProcessorCoordinator/singleton/coordinator)])], but no acknowledgement. Total [1] buffered messages.
2017-02-13 13:03:47,012 [INFO] from com.knoldus.usercrud.user.impl.events.UserEventProcessor in user-impl-application-akka.actor.default-dispatcher-16 -  buildHandler method ... 
2017-02-13 13:03:47,145 [WARN] from akka.cluster.sharding.ShardRegion in user-impl-application-akka.actor.default-dispatcher-5 - Trying to register to coordinator at [Some(ActorSelection[Anchor(akka://user-impl-application/), Path(/system/sharding/UserEventProcessorCoordinator/singleton/coordinator)])], but no acknowledgement. Total [1] buffered messages.
2017-02-13 13:03:47,169 [WARN] from akka.cluster.sharding.ShardRegion in user-impl-application-akka.actor.default-dispatcher-16 - Retry request for shard [com.knoldus.usercrud.user.impl.events.UserEvent] homes from coordinator at [Actor[akka://user-impl-application/system/sharding/UserEventProcessorCoordinator/singleton/coordinator#1828936023]]. [1] buffered messages.
2017-02-13 13:03:47,470 [INFO] from com.knoldus.usercrud.user.impl.events.UserEventProcessor in user-impl-application-akka.actor.default-dispatcher-16 -  buildHandler method ... 
2017-02-13 13:07:48,983 [ERROR] from akka.actor.OneForOneStrategy in user-impl-application-akka.actor.default-dispatcher-16 - Processor actor [Actor[akka://user-impl-application/user/StreamSupervisor-1/flow-5-3-unknown-operation#-2061967414]] terminated abruptly
akka.stream.AbruptTerminationException: Processor actor [Actor[akka://user-impl-application/user/StreamSupervisor-1/flow-5-3-unknown-operation#-2061967414]] terminated abruptly
